<?xml version="1.0" encoding="UTF-8"?>
<testsuite name="com.kardelencetin.gutenbergmobile.RegistrationUtilTest" tests="5" skipped="0" failures="0" errors="0" timestamp="2021-12-26T11:45:30" hostname="DESKTOP-FSJ23TO" time="0.051">
  <properties/>
  <testcase name="username already exists return false" classname="com.kardelencetin.gutenbergmobile.RegistrationUtilTest" time="0.049"/>
  <testcase name="less than 2 digit password return false" classname="com.kardelencetin.gutenbergmobile.RegistrationUtilTest" time="0.001"/>
  <testcase name="valid username and correctly password return true" classname="com.kardelencetin.gutenbergmobile.RegistrationUtilTest" time="0.0"/>
  <testcase name="empty username returns false" classname="com.kardelencetin.gutenbergmobile.RegistrationUtilTest" time="0.0"/>
  <testcase name="empty password return false" classname="com.kardelencetin.gutenbergmobile.RegistrationUtilTest" time="0.001"/>
  <system-out><![CDATA[]]></system-out>
  <system-err><![CDATA[]]></system-err>
</testsuite>
